<?xml version="1.0" encoding="UTF-8"?>
<!-- Generated by org.testng.reporters.JUnitReportReporter -->
<testsuite hostname="NEU-LDSNR04" failures="0" tests="1" name="com.auros.basic.VerifyCoPInHomePageTest" time="14.489" errors="0" timestamp="2022-06-23T22:16:27 IST" skipped="0">
  <testcase classname="com.auros.basic.VerifyCoPInHomePageTest" name="VerifyCoPInHomePage" time="14.489"/>
  <system-out/>
</testsuite> <!-- com.auros.basic.VerifyCoPInHomePageTest -->
